Whitefield#1360 Flats for Rent in Whitefield, Bangalore
Sarjapur-Road#1397 Flats for Rent in Sarjapur Road, Bangalore
Indira-Nagar#619 Flats for Rent in Indira Nagar, Bangalore
Marathahalli#579 Flats for Rent in Marathahalli, Bangalore
Murugeshpalya#170 Flats for Rent in Murugeshpalya, Bangalore
Kasavanahalli#61 Flats for Rent in Kasavanahalli, Bangalore
Thigalarapalya#8 Flats for Rent in Thigalarapalya, Bangalore
HAL-Stage-2#138 Flats for Rent in HAL Stage 2, Bangalore
Kaggadasapura#144 Flats for Rent in Kaggadasapura, Bangalore
Kadugodi#115 Flats for Rent in Kadugodi, Bangalore
Munnekollal#142 Flats for Rent in Munnekollal, Bangalore
New-Thippasandra#93 Flats for Rent in New Thippasandra, Bangalore
Kundalahalli#241 Flats for Rent in Kundalahalli, Bangalore
C-V-Raman-Nagar#214 Flats for Rent in C V Raman Nagar, Bangalore
Defence-Colony-Domlur#3 Flats for Rent in Defence Colony-Domlur, Bangalore
Kodi-halli#29 Flats for Rent in Kodi Halli, Bangalore
Old-Madras-Road#343 Flats for Rent in Old Madras Road, Bangalore
Hoodi#141 Flats for Rent in Hoodi, Bangalore
Brooke-field#357 Flats for Rent in Brooke Field, Bangalore
K-R-Puram#232 Flats for Rent in K R Puram, Bangalore
Kammanahalli#31 Flats for Rent in Kammanahalli, Bangalore
Old-Airport-Road#450 Flats for Rent in Old Airport Road, Bangalore
Varthur#51 Flats for Rent in Varthur, Bangalore
Ramamurthy-Nagar#82 Flats for Rent in Ramamurthy Nagar, Bangalore
GM-Palya#82 Flats for Rent in GM Palya, Bangalore
Domlur#147 Flats for Rent in Domlur, Bangalore
Haralur-Road#372 Flats for Rent in Haralur Road, Bangalore
Panathur#89 Flats for Rent in Panathur, Bangalore
Kadubeesanahalli#67 Flats For Rent in Kadubeesanahalli, Bangalore
Vignana-Nagar#34 Flats for Rent in Vignana nagar, Bangalore
Ambedkar-Nagar#5 Flats for Rent in Ambedkar nagar, Bangalore
Malleshpalya#30 Flats for Rent in Malleshpalya, Bangalore
Ambalipura#199 Flats for Rent in Ambalipura, Bangalore
Lakshminarayana-Pura#Error in processing
https://m.magicbricks.com/mbs/property-for-rent/residential-real-estate?proptype=Apartment,Builder-Floor,Penthouse,Studio-Apt.&cityName=Bangalore&Locality=Lakshminarayana-Pura&&pageOption=B&parameter=recent
Kasturi-Nagar#69 Flats for Rent in Kasturi Nagar, Bangalore
EPIP-Zone#22 Flats for Rent in EPIP Zone, Bangalore
Mahadevapura#263 Flats for Rent in Mahadevapura, Bangalore
Sarjapur#53 Flats for Rent in Sarjapur, Bangalore
Cooke-Town#124 Flats for Rent in Cooke Town, Bangalore
Kaverappa-Layout#3 Flats for Rent in Kaverappa Layout, Bangalore
Banaswadi#87 Flats for Rent in Banaswadi, Bangalore
Chelekare#3 Flats for Rent in Chelekare, Bangalore
AECS-Layout#274 Flats for Rent in AECS Layout, Bangalore
Jeevan-bima-nagar#35 Flats for Rent in Jeevan Bima Nagar, Bangalore
Hoskote#25 Flats for Rent in Hoskote, Bangalore
Nallurhalli#26 Flats for Rent in Nallurhalli, Bangalore
Bhoganhalli#7 Flats for Rent in Bhoganhalli, Bangalore
Cambridge-Layout#33 Flats for Rent in Cambridge Layout, Bangalore
Indira-Nagar-Stage-2#133 Flats for Rent in Indira nagar Stage 2, Bangalore
Dodda-Banaswadi#6 Flats for Rent in Dodda banaswadi, Bangalore
HRBR layout Block 1#23091 Flats for Rent in Bangalore
Doddanekundi#129 Flats for Rent in Doddanekundi, Bangalore
Kodigehalli#22 Flats for Rent in Kodigehalli, Bangalore
B-Narayanapura#35 Flats for Rent in B Narayanapura, Bangalore
Kannamangala#22 Flats for Rent in Kannamangala, Bangalore
Dodda-Nekkundi#76 Flats for Rent in Dodda Nekkundi, Bangalore
Seetharampalya#13 Flats for Rent in Seetharampalya, Bangalore
OMBR-Layout#29 Flats for Rent in OMBR Layout, Bangalore
NRI-Layout#5 Flats for Rent in NRI Layout, Bangalore
Battarahalli#5 Flats for Rent in Battarahalli, Bangalore
Wind-Tunnel-Road#16 Flats for Rent in Wind Tunnel Road, Bangalore
Ramagondanahalli#2 Flats for Rent in Ramagondanahalli, Bangalore
ITPL#196 Flats for Rent in ITPL, Bangalore
HBR-Layout#49 Flats for Rent in HBR Layout, Bangalore
Garudachar-Palya#8 Flats for Rent in Garudachar Palya, Bangalore
Hagadur#6 Flats for Rent in Hagadur, Bangalore
Immadihalli#42 Flats for Rent in Immadihalli, Bangalore
Lingarajapuram#33 Flats for Rent in Lingarajapuram, Bangalore
Sathya-Sai-Layout#2 Flats for Rent in Sathya Sai Layout, Bangalore
HRBR-layout-Block-2#15 Flats for Rent in HRBR layout Block 2, Bangalore
Rustam-Bagh-Layout#10 Flats for Rent in Rustam Bagh Layout, Bangalore
Gunjur#9 Flats for Rent in Gunjur, Bangalore
Doopanahalli#5 Flats for Rent in Doopanahalli, Bangalore
Balagere#8 Flats for Rent in Balagere, Bangalore
Prithvi-Layout#Error in processing
https://m.magicbricks.com/mbs/property-for-rent/residential-real-estate?proptype=Apartment,Builder-Floor,Penthouse,Studio-Apt.&cityName=Bangalore&Locality=Prithvi-Layout&&pageOption=B&parameter=recent
Margondanahalli#2 Flats for Rent in Margondanahalli, Bangalore
Doddabanahalli#14 Flats for Rent in Doddabanahalli, Bangalore
HRBR-Layout#58 Flats for Rent in HRBR Layout, Bangalore
Kalyan-nagar#33 Flats for Rent in Kalyan Nagar, Bangalore
Kalkere#11 Flats for Rent in Kalkere, Bangalore
Thubarahalli#25 Flats for Rent in Thubarahalli, Bangalore
HBR-Layout-Block-5#9 Flats for Rent in HBR Layout Block 5, Bangalore
Nagondanahalli#4 Flats for Rent in Nagondanahalli, Bangalore
Geddalahalli#1 Flats for Rent in Geddalahalli, Bangalore
Bharathi-Nagar#2 Flats for Rent in Bharathi Nagar, Bangalore
A-Narayanapura#16 Flats for Rent in A Narayanapura, Bangalore
Anandapura#1 Flats for Rent in Anandapura, Bangalore
B-Channasandra#4 Flats for Rent in B Channasandra, Bangalore
Basavanna-Nagar#6 Flats for Rent in Basavanna Nagar, Bangalore
Nagavarapalya#8 Flats for Rent in Nagavarapalya, Bangalore
Udaya-Nagar#2 Flats for Rent in Udaya nagar, Bangalore
Akshya-Nagar#15 Flats for Rent in Akshya Nagar, Bangalore
Raghavendra-Nagar#Error in processing
https://m.magicbricks.com/mbs/property-for-rent/residential-real-estate?proptype=Apartment,Builder-Floor,Penthouse,Studio-Apt.&cityName=Bangalore&Locality=Raghavendra-Nagar&&pageOption=B&parameter=recent
Kundalahalli-Colony#6 Flats for Rent in Kundalahalli Colony, Bangalore
Jagadish-Nagar#19 Flats for Rent in Jagadish Nagar, Bangalore
Channasandra#13 Flats for Rent in Channasandra, Bangalore
Basavanapura#2 Flats for Rent in Basavanapura, Bangalore
Narayanappa-Garden#5 Flats for Rent in Narayanappa Garden, Bangalore
Dommasandra#18 Flats for Rent in Dommasandra, Bangalore
Dodsworth-Layout#1 Flats for Rent in Dodsworth Layout, Bangalore
HRBR-layout-Block-3#17 Flats for Rent in HRBR Layout Block 3, Bangalore
HBR-Layout-Block-4#2 Flats for Rent in HBR Layout Block 4, Bangalore
HBR-Layout-Block-3#2 Flats for Rent in HBR Layout Block 3, Bangalore
Basava-Nagar#9 Flats for Rent in Basava Nagar, Bangalore
Chikka-Banaswadi#2 Flats for Rent in Chikka Banaswadi, Bangalore
Doddagubbi#2 Flats for Rent in Doddagubbi, Bangalore
Laxminarayana-Layout#Error in processing
https://m.magicbricks.com/mbs/property-for-rent/residential-real-estate?proptype=Apartment,Builder-Floor,Penthouse,Studio-Apt.&cityName=Bangalore&Locality=Laxminarayana-Layout&&pageOption=B&parameter=recent
Kada-Agrahara#Error in processing
https://m.magicbricks.com/mbs/property-for-rent/residential-real-estate?proptype=Apartment,Builder-Floor,Penthouse,Studio-Apt.&cityName=Bangalore&Locality=Kada-Agrahara&&pageOption=B&parameter=recent
Dodda-Nekkundi-Extension#22 Flats for Rent in Dodda Nekkundi Extension, Bangalore
Samethanahalli#Error in processing
https://m.magicbricks.com/mbs/property-for-rent/residential-real-estate?proptype=Apartment,Builder-Floor,Penthouse,Studio-Apt.&cityName=Bangalore&Locality=Samethanahalli&&pageOption=B&parameter=recent
K-Channasandra#Error in processing
https://m.magicbricks.com/mbs/property-for-rent/residential-real-estate?proptype=Apartment,Builder-Floor,Penthouse,Studio-Apt.&cityName=Bangalore&Locality=K-Channasandra&&pageOption=B&parameter=recent
Kodbisanhalli#Error in processing
https://m.magicbricks.com/mbs/property-for-rent/residential-real-estate?proptype=Apartment,Builder-Floor,Penthouse,Studio-Apt.&cityName=Bangalore&Locality=Kodbisanhalli&&pageOption=B&parameter=recent
Upkar-Layout#Error in processing
https://m.magicbricks.com/mbs/property-for-rent/residential-real-estate?proptype=Apartment,Builder-Floor,Penthouse,Studio-Apt.&cityName=Bangalore&Locality=Upkar-Layout&&pageOption=B&parameter=recent
Vijinapura#1 Flats For Rent in Vijinapura, Bangalore
D-Costa-Layout#13 Flats for Rent in D Costa Layout, Bangalore
Ferns-City#1 Flats for Rent in Ferns City, Bangalore
Devasthanagalu#2 Flats for Rent in Devasthanagalu, Bangalore
Esther-Enclave-Layout#Error in processing
https://m.magicbricks.com/mbs/property-for-rent/residential-real-estate?proptype=Apartment,Builder-Floor,Penthouse,Studio-Apt.&cityName=Bangalore&Locality=Esther-Enclave-Layout&&pageOption=B&parameter=recent
Green-Woods-Layout#2 Flats for Rent in Green Woods layout, Bangalore
Hennur-Bande#8 Flats for Rent in Hennur Bande, Bangalore
A-K-Gopalan-Colony#1 Flats for Rent in A K Gopalan Colony, Bangalore
Sai-Gardens#1 Flats for Rent in Sai gardens, Bangalore
Kaveri-Nagar#9 Flats for Rent in kaveri Nagar, Bangalore
Vittal-Nagar#Error in processing
https://m.magicbricks.com/mbs/property-for-rent/residential-real-estate?proptype=Apartment,Builder-Floor,Penthouse,Studio-Apt.&cityName=Bangalore&Locality=Vittal-Nagar&&pageOption=B&parameter=recent
Chikka-Tirupathi#1 Flats for Rent in Chikka Tirupathi, Bangalore
Dooravani-Nagar#2 Flats for Rent in Dooravani Nagar, Bangalore
Pattandur-Agrahara#4 Flats for Rent in Pattandur Agrahara, Bangalore
H-Colony#3 Flats for Rent in H Colony, Bangalore
Annaiah-Reddy-Layout#Error in processing
https://m.magicbricks.com/mbs/property-for-rent/residential-real-estate?proptype=Apartment,Builder-Floor,Penthouse,Studio-Apt.&cityName=Bangalore&Locality=Annaiah-Reddy-Layout&&pageOption=B&parameter=recent
HAL Stage 1#23105 Flats for Rent in Bangalore
HBR-Layout-Block-2#6 Flats for Rent in HBR Layout Block 2, Bangalore
Maithri-Layout#5 Flats for Rent in maithri Layout, Bangalore
Ramaiah-Reddy-Colony#Error in processing
https://m.magicbricks.com/mbs/property-for-rent/residential-real-estate?proptype=Apartment,Builder-Floor,Penthouse,Studio-Apt.&cityName=Bangalore&Locality=Ramaiah-Reddy-Colony&&pageOption=B&parameter=recent
Kamdhenu-Nagar#3 Flats for Rent in Kamdhenu Nagar, Bangalore
Belatur#1 Flats for Rent in Belatur, Bangalore
Pragathi-Layout#5 Flats for Rent in Pragathi Layout, Bangalore
Harohalli#2 Flats for Rent in Harohalli, Bangalore
Varanasi#Error in processing
https://m.magicbricks.com/mbs/property-for-rent/residential-real-estate?proptype=Apartment,Builder-Floor,Penthouse,Studio-Apt.&cityName=Bangalore&Locality=Varanasi&&pageOption=B&parameter=recent
Lakshmi-Layout#7 Flats for Rent in Lakshmi Layout, Bangalore
Anand-Nagar#4 Flats for Rent in Anand Nagar, Bangalore
