Whitefield#1359 Flats for Rent in Whitefield, Bangalore
Sarjapur-Road#1397 Flats for Rent in Sarjapur Road, Bangalore
Indira-Nagar#616 Flats for Rent in Indira Nagar, Bangalore
Marathahalli#579 Flats for Rent in Marathahalli, Bangalore
Murugeshpalya#170 Flats for Rent in Murugeshpalya, Bangalore
Kasavan halli#23065 Flats for Rent in Bangalore
Thigalarapalya#8 Flats for Rent in Thigalarapalya, Bangalore
HAL Stage 2#23065 Flats for Rent in Bangalore
Kaggadasapura#144 Flats for Rent in Kaggadasapura, Bangalore
Kadugodi#115 Flats for Rent in Kadugodi, Bangalore
Munnekollal#142 Flats for Rent in Munnekollal, Bangalore
New-Thippasandra#93 Flats for Rent in New Thippasandra, Bangalore
Kundalahalli#240 Flats for Rent in Kundalahalli, Bangalore
CV Raman Nagar#23065 Flats for Rent in Bangalore
Defence Colony#23065 Flats for Rent in Bangalore
Kodi halli#23065 Flats for Rent in Bangalore
Old-Madras-Road#343 Flats for Rent in Old Madras Road, Bangalore
Hoodi#141 Flats for Rent in Hoodi, Bangalore
Brooke field#23065 Flats for Rent in Bangalore
K R Puram#23065 Flats for Rent in Bangalore
Kammanahalli#31 Flats for Rent in Kammanahalli, Bangalore
Old-Airport-Road#449 Flats for Rent in Old Airport Road, Bangalore
Varthur#51 Flats for Rent in Varthur, Bangalore
Ramamurthy-Nagar#83 Flats for Rent in Ramamurthy Nagar, Bangalore
GM-Palaya#23066 Flats for Rent in Bangalore
Domlur#146 Flats for Rent in Domlur, Bangalore
Haralur-Road#372 Flats for Rent in Haralur Road, Bangalore
Panathur#90 Flats for Rent in Panathur, Bangalore
Kadubeesanahalli#67 Flats for Rent in Kadubeesanahalli, Bangalore
Vignana-Nagar#34 Flats for Rent in Vignana nagar, Bangalore
Ambedkar-Nagar#5 Flats for Rent in Ambedkar nagar, Bangalore
Malleshpalya#30 Flats for Rent in Malleshpalya, Bangalore
Ambalipura#199 Flats for Rent in Ambalipura, Bangalore
Lakshminarayana-Pura#Error in processing
Kasturi-Nagar#69 Flats for Rent in Kasturi Nagar, Bangalore
EPIP-Zone#22 Flats for Rent in EPIP Zone, Bangalore
Mahadevpur#23067 Flats for Rent in Bangalore
Sarjapur#53 Flats for Rent in Sarjapur, Bangalore
Cooke-Town#124 Flats for Rent in Cooke Town, Bangalore
Kaverappa-Layout#3 Flats for Rent in Kaverappa Layout, Bangalore
Banaswadi#87 Flats for Rent in Banaswadi, Bangalore
Chelekare#3 Flats for Rent in Chelekare, Bangalore
AECS-Layout#274 Flats for Rent in AECS Layout, Bangalore
Jeevan-bima-nagar#35 Flats for Rent in Jeevan Bima Nagar, Bangalore
Hoskote#25 Flats for Rent in Hoskote, Bangalore
Nallurhalli#26 Flats for Rent in Nallurhalli, Bangalore
Bhoganhalli#7 Flats for Rent in Bhoganhalli, Bangalore
Cambridge-Layout#33 Flats for Rent in Cambridge Layout, Bangalore
Indira-Nagar-Stage-2#131 Flats for Rent in Indira nagar Stage 2, Bangalore
Dodda-Banaswadi#6 Flats for Rent in Dodda banaswadi, Bangalore
HRBR layout Block 1#23067 Flats for Rent in Bangalore
Doddanekundi#129 Flats for Rent in Doddanekundi, Bangalore
Kodigehalli#22 Flats for Rent in Kodigehalli, Bangalore
B-Narayanapura#35 Flats for Rent in B Narayanapura, Bangalore
Kannamangala#22 Flats for Rent in Kannamangala, Bangalore
Dodda-Nekkundi#76 Flats for Rent in Dodda Nekkundi, Bangalore
Seetharampalya#13 Flats For Rent in Seetharampalya, Bangalore
OMBR-Layout#29 Flats for Rent in OMBR Layout, Bangalore
NRI-Layout#5 Flats for Rent in NRI Layout, Bangalore
Battarahalli#5 Flats for Rent in Battarahalli, Bangalore
Wind-Tunnel-Road#16 Flats for Rent in Wind Tunnel Road, Bangalore
Ramagondanahalli#2 Flats for Rent in Ramagondanahalli, Bangalore
ITPL#196 Flats for Rent in ITPL, Bangalore
HBR-Layout#49 Flats for Rent in HBR Layout, Bangalore
Garudachar-Palya#8 Flats for Rent in Garudachar Palya, Bangalore
Hagadur#6 Flats for Rent in Hagadur, Bangalore
Immadihalli#42 Flats for Rent in Immadihalli, Bangalore
Lingarajapuram#33 Flats for Rent in Lingarajapuram, Bangalore
HAL Stage 3#23069 Flats for Rent in Bangalore
Sathya-Sai-Layout#2 Flats for Rent in Sathya Sai Layout, Bangalore
HRBR layout Block 2#23069 Flats for Rent in Bangalore
Rustam-Bagh-Layout#10 Flats for Rent in Rustam Bagh Layout, Bangalore
Gunjur#9 Flats for Rent in Gunjur, Bangalore
Doopanahalli#5 Flats for Rent in Doopanahalli, Bangalore
Balagere#8 Flats for Rent in Balagere, Bangalore
Prithvi-Layout#Error in processing
Margondanahalli#2 Flats for Rent in Margondanahalli, Bangalore
Doddabanahalli#14 Flats For Rent in Doddabanahalli, Bangalore
HRBR-Layout#58 Flats for Rent in HRBR Layout, Bangalore
Kalyan-nagar#33 Flats for Rent in Kalyan Nagar, Bangalore
Kalkere#11 Flats for Rent in Kalkere, Bangalore
Thubarahalli#25 Flats for Rent in Thubarahalli, Bangalore
Nagondanahalli#4 Flats for Rent in Nagondanahalli, Bangalore
Geddalahalli#1 Flats for Rent in Geddalahalli, Bangalore
Bharathi-Nagar#2 Flats for Rent in Bharathi Nagar, Bangalore
A-Narayanapura#16 Flats for Rent in A Narayanapura, Bangalore
Anandapura#1 Flats for Rent in Anandapura, Bangalore
B-Channasandra#4 Flats for Rent in B Channasandra, Bangalore
Basavanna-Nagar#6 Flats for Rent in Basavanna Nagar, Bangalore
Nagavarapalya#8 Flats for Rent in Nagavarapalya, Bangalore
Udaya-Nagar#2 Flats for Rent in Udaya nagar, Bangalore
Devarabeesana Halli#23070 Flats for Rent in Bangalore
Halle halli#23070 Flats for Rent in Bangalore
Akshya-Nagar#15 Flats for Rent in Akshya Nagar, Bangalore
Raghavendra-Nagar#Error in processing
Kundalahalli-Colony#6 Flats for Rent in Kundalahalli Colony, Bangalore
Jagadish-Nagar#19 Flats for Rent in Jagadish Nagar, Bangalore
Channasandra#13 Flats for Rent in Channasandra, Bangalore
Basavanapura#2 Flats for Rent in Basavanapura, Bangalore
Narayanappa-Garden#5 Flats for Rent in Narayanappa Garden, Bangalore
Dommasandra#18 Flats for Rent in Dommasandra, Bangalore
Dodsworth-Layout#1 Flats for Rent in Dodsworth Layout, Bangalore
HRBR layout Block 3#23072 Flats for Rent in Bangalore
HBR Layout Block 4#23072 Flats for Rent in Bangalore
HBR Layout Block 3#23072 Flats for Rent in Bangalore
Basava-Nagar#9 Flats for Rent in Basava Nagar, Bangalore
Chikka-Banaswadi#2 Flats for Rent in Chikka Banaswadi, Bangalore
Doddagubbi#Error in processing
Laxminarayana-Layout#Error in processing
Kada-Agrahara#Error in processing
Dodda-Nekkundi-Extension#22 Flats for Rent in Dodda Nekkundi Extension, Bangalore
Samethanahalli#Error in processing
K-Channasandra#Error in processing
Kodbisanhalli#Error in processing
Upkar-Layout#Error in processing
Vijinapura#1 Flats for Rent in Vijinapura, Bangalore
D-Costa-Layout#13 Flats for Rent in D Costa Layout, Bangalore
Ferns-City#1 Flats for Rent in Ferns City, Bangalore
Devasthanagalu#2 Flats For Rent in Devasthanagalu, Bangalore
Esther-Enclave-Layout#Error in processing
Green-Woods-Layout#2 Flats for Rent in Green Woods layout, Bangalore
Hennur-Bande#8 Flats for Rent in Hennur Bande, Bangalore
A-K-Gopalan-Colony#1 Flats for Rent in A K Gopalan Colony, Bangalore
Sai-Gardens#1 Flats for Rent in Sai gardens, Bangalore
Kaveri-Nagar#9 Flats for Rent in kaveri Nagar, Bangalore
Vittal-Nagar#Error in processing
Chikka-Tirupathi#1 Flats for Rent in Chikka Tirupathi, Bangalore
Dooravani-Nagar#2 Flats for Rent in Dooravani Nagar, Bangalore
Pattandur-Agrahara#4 Flats for Rent in Pattandur Agrahara, Bangalore
H-Colony#3 Flats for Rent in H Colony, Bangalore
Annaiah-Reddy-Layout#Error in processing
HAL Stage 1#23071 Flats for Rent in Bangalore
Maithri-Layout#5 Flats for Rent in maithri Layout, Bangalore
Ramaiah-Reddy-Colony#Error in processing
Kamdhenu-Nagar#3 Flats for Rent in Kamdhenu Nagar, Bangalore
Belatur#1 Flats for Rent in Belatur, Bangalore
Pragathi-Layout#5 Flats for Rent in Pragathi Layout, Bangalore
Harohalli#2 Flats for Rent in Harohalli, Bangalore
Varanasi#Error in processing
Lakshmi-Layout#7 Flats for Rent in Lakshmi Layout, Bangalore
Anand-Nagar#4 Flats for Rent in Anand Nagar, Bangalore
