b'No record found in magic bricks.\r\nhttps://m.magicbricks.com/mbs/property-for-rent/residential-real-estate?proptype=Apartment,Builder-Floor,Penthouse,Studio-Apt.&cityName=Bangalore&Locality=Marathahalli&&pageOption=B&parameter=recent\r\n200\r\nhttps://m.magicbricks.com/mbs/property-for-rent/residential-real-estate?proptype=Apartment,Builder-Floor,Penthouse,Studio-Apt.&cityName=Bangalore&Locality=Marathahalli&&pageOption=B&parameter=recent/Page-1\r\n200\r\n'
b'https://www.99acres.com/rent-property-in-marathahalli-bangalore-east-ffid\r\n11 rows inserted successfully\r\n'
41.94803190231323  seconds
b'https://m.magicbricks.com/mbs/property-for-rent/residential-real-estate?proptype=Apartment,Builder-Floor,Penthouse,Studio-Apt.&cityName=Bangalore&Locality=Kasavanahalli&&pageOption=B&parameter=recent\r\n200\r\n9 rows inserted successfully\r\n'
b'https://www.99acres.com/rent-property-in-kasavanhalli-bangalore-east-ffid\r\n2 rows inserted successfully\r\n'
50.233466148376465  seconds
b'https://m.magicbricks.com/mbs/property-for-rent/residential-real-estate?proptype=Apartment,Builder-Floor,Penthouse,Studio-Apt.&cityName=Bangalore&Locality=Panathur&&pageOption=B&parameter=recent\r\n200\r\n9 rows inserted successfully\r\n'
b'https://www.99acres.com/rent-property-in-panathur-bangalore-east-ffid\r\nNo record found in 99acres.\r\n'
94.60454750061035  seconds
b'https://m.magicbricks.com/mbs/property-for-rent/residential-real-estate?proptype=Apartment,Builder-Floor,Penthouse,Studio-Apt.&cityName=Bangalore&Locality=Kasavanahalli&&pageOption=B&parameter=recent\r\n200\r\n9 rows inserted successfully\r\n'
b'https://www.99acres.com/rent-property-in-kasavanhalli-bangalore-east-ffid\r\n3 rows inserted successfully\r\n'
32.38563323020935  seconds
b'https://m.magicbricks.com/mbs/property-for-rent/residential-real-estate?proptype=Apartment,Builder-Floor,Penthouse,Studio-Apt.&cityName=Bangalore&Locality=Marathahalli&&pageOption=B&parameter=recent\r\n200\r\nhttps://m.magicbricks.com/mbs/property-for-rent/residential-real-estate?proptype=Apartment,Builder-Floor,Penthouse,Studio-Apt.&cityName=Bangalore&Locality=Marathahalli&&pageOption=B&parameter=recent/Page-1\r\n200\r\nhttps://m.magicbricks.com/mbs/property-for-rent/residential-real-estate?proptype=Apartment,Builder-Floor,Penthouse,Studio-Apt.&cityName=Bangalore&Locality=Marathahalli&&pageOption=B&parameter=recent/Page-2\r\n200\r\nhttps://m.magicbricks.com/mbs/property-for-rent/residential-real-estate?proptype=Apartment,Builder-Floor,Penthouse,Studio-Apt.&cityName=Bangalore&Locality=Marathahalli&&pageOption=B&parameter=recent/Page-3\r\n200\r\nhttps://m.magicbricks.com/mbs/property-for-rent/residential-real-estate?proptype=Apartment,Builder-Floor,Penthouse,Studio-Apt.&cityName=Bangalore&Locality=Marathahalli&&pageOption=B&parameter=recent/Page-4\r\n200\r\nhttps://m.magicbricks.com/mbs/property-for-rent/residential-real-estate?proptype=Apartment,Builder-Floor,Penthouse,Studio-Apt.&cityName=Bangalore&Locality=Marathahalli&&pageOption=B&parameter=recent/Page-5\r\n200\r\n115 rows inserted successfully\r\n'
b'https://www.99acres.com/rent-property-in-marathahalli-bangalore-east-ffid\r\n85 rows inserted successfully\r\n'
43.04400563240051  seconds
b'https://m.magicbricks.com/mbs/property-for-rent/residential-real-estate?proptype=Apartment,Builder-Floor,Penthouse,Studio-Apt.&cityName=Bangalore&Locality=Kadugodi&&pageOption=B&parameter=recent\r\n200\r\n7 rows inserted successfully\r\n'
b'https://www.99acres.com/rent-property-in-kadugodi-bangalore-east-ffid\r\n5 rows inserted successfully\r\n'
47.16086673736572  seconds
b'https://m.magicbricks.com/mbs/property-for-rent/residential-real-estate?proptype=Apartment,Builder-Floor,Penthouse,Studio-Apt.&cityName=Bangalore&Locality=Malleshpalya&&pageOption=B&parameter=recent\r\n200\r\n2 rows inserted successfully\r\n'
b'https://www.99acres.com/rent-property-in-malleshpalya-bangalore-east-ffid\r\n'
20.90092706680298  seconds
b'https://m.magicbricks.com/mbs/property-for-rent/residential-real-estate?proptype=Apartment,Builder-Floor,Penthouse,Studio-Apt.&cityName=Bangalore&Locality=Panathur&&pageOption=B&parameter=recent\r\n200\r\nhttps://m.magicbricks.com/mbs/property-for-rent/residential-real-estate?proptype=Apartment,Builder-Floor,Penthouse,Studio-Apt.&cityName=Bangalore&Locality=Panathur&&pageOption=B&parameter=recent/Page-1\r\n200\r\n39 rows inserted successfully\r\n'
b'https://www.99acres.com/rent-property-in-panathur-bangalore-east-ffid\r\n17 rows inserted successfully\r\n'
29.36507749557495  seconds
20180212234924
munnekollal
3
b'https://m.magicbricks.com/mbs/property-for-rent/residential-real-estate?proptype=Apartment,Builder-Floor,Penthouse,Studio-Apt.&cityName=Bangalore&Locality=Munnekollal&&pageOption=B&parameter=recent\r\n200\r\n1 rows inserted successfully\r\n'
b'https://www.99acres.com/rent-property-in-munnekollal-bangalore-east-ffid\r\n'
21.564512729644775  seconds
